<?xml version="1.0" encoding="UTF-8"?>
<!-- Generated by org.testng.reporters.JUnitReportReporter -->
<testsuite hostname="DESKTOP-FQKEHJ9" name="com.basic.auth.tests.LoginAutomationSite" tests="2" failures="0" timestamp="21 Jan 2020 05:36:54 GMT" time="10.367" errors="0">
  <testcase name="doLogin" time="6.054" classname="com.basic.auth.tests.LoginAutomationSite"/>
  <testcase name="verifySuccessResponseText" time="4.313" classname="com.basic.auth.tests.LoginAutomationSite"/>
</testsuite> <!-- com.basic.auth.tests.LoginAutomationSite -->
