<?xml version="1.0" encoding="UTF-8"?>
<!-- Generated by org.testng.reporters.JUnitReportReporter -->
<testsuite hostname="DESKTOP-FQKEHJ9" name="com.horizontal.slider.tests.SliderTest" tests="3" failures="0" timestamp="23 Jan 2020 00:59:13 GMT" time="21.513" errors="0">
  <testcase name="verifyAllElements" time="12.817" classname="com.horizontal.slider.tests.SliderTest"/>
  <testcase name="verifySliderMinValueAsZero" time="4.332" classname="com.horizontal.slider.tests.SliderTest"/>
  <testcase name="verifySliderMaxValueAsFive" time="4.364" classname="com.horizontal.slider.tests.SliderTest"/>
</testsuite> <!-- com.horizontal.slider.tests.SliderTest -->
