<?xml version="1.0" encoding="UTF-8"?>
<!-- Generated by org.testng.reporters.JUnitReportReporter -->
<testsuite hostname="DESKTOP-FQKEHJ9" name="com.broken.images.tests.BrokenImagesTest" tests="1" failures="0" timestamp="18 Jan 2020 16:44:46 GMT" time="15.197" errors="0">
  <testcase name="verifyBrokenImages" time="15.197" classname="com.broken.images.tests.BrokenImagesTest"/>
</testsuite> <!-- com.broken.images.tests.BrokenImagesTest -->
